<?xml version="1.0" encoding="UTF-8"?>
<!-- Generated by org.testng.reporters.JUnitReportReporter -->
<testsuite hostname="LAPTOP-6OU7JCID" failures="0" tests="3" name="SeleniumFramework.StandardTest" time="25.730" errors="0" timestamp="2023-03-07T22:25:33 GMT" skipped="0">
  <testcase classname="SeleniumFramework.StandardTest" name="submitOrder" time="10.999"/>
  <system-out/>
  <testcase classname="SeleniumFramework.StandardTest" name="submitOrder" time="9.294"/>
  <system-out/>
  <testcase classname="SeleniumFramework.StandardTest" name="verifyOrderPage" time="5.437"/>
  <system-out/>
</testsuite> <!-- SeleniumFramework.StandardTest -->
