<?xml version="1.0" encoding="UTF-8"?>
<!-- Generated by org.testng.reporters.JUnitReportReporter -->
<testsuite hostname="LAPTOP-6OU7JCID" failures="0" tests="2" name="frameworkdesign.SeleniumFramework.StandardTest" time="0.000" errors="0" timestamp="26 Feb 2023 17:11:17 GMT" skipped="2">
  <testcase classname="frameworkdesign.SeleniumFramework.StandardTest" name="verifyOrderPage" time="0.000">
    <skipped/>
  </testcase> <!-- verifyOrderPage -->
  <testcase classname="frameworkdesign.SeleniumFramework.StandardTest" name="submitOrder" time="0.000">
    <skipped/>
  </testcase> <!-- submitOrder -->
</testsuite> <!-- frameworkdesign.SeleniumFramework.StandardTest -->
