<?xml version="1.0" encoding="UTF-8"?>
<!-- Generated by org.testng.reporters.JUnitReportReporter -->
<testsuite hostname="LAPTOP-6OU7JCID" failures="0" tests="3" name="SeleniumFramework.StandardTest" time="26.140" errors="0" timestamp="06 Mar 2023 21:09:27 GMT" skipped="0">
  <testcase classname="SeleniumFramework.StandardTest" name="verifyOrderPage" time="6.401"/>
  <testcase classname="SeleniumFramework.StandardTest" name="submitOrder" time="11.977"/>
  <testcase classname="SeleniumFramework.StandardTest" name="submitOrder" time="7.762"/>
</testsuite> <!-- SeleniumFramework.StandardTest -->
