<?xml version="1.0" encoding="UTF-8"?>
<!-- Generated by org.testng.reporters.JUnitReportReporter -->
<testsuite hostname="LAPTOP-6OU7JCID" failures="0" tests="1" name="frameworkdesign.SeleniumFramework.ErrorValidation" time="5.587" errors="0" timestamp="22 Feb 2023 19:29:56 GMT" skipped="0">
  <testcase classname="frameworkdesign.SeleniumFramework.ErrorValidation" name="VerifyError" time="5.587"/>
</testsuite> <!-- frameworkdesign.SeleniumFramework.ErrorValidation -->
