<?xml version="1.0" encoding="UTF-8"?>
<!-- Generated by org.testng.reporters.JUnitReportReporter -->
<testsuite hostname="LAPTOP-6OU7JCID" failures="0" tests="1" name="cucumber.TestNGTestRunner" time="5.178" errors="0" timestamp="2023-03-07T19:38:44 GMT" skipped="0">
  <testcase classname="cucumber.TestNGTestRunner" name="runScenario" time="5.178"/>
  <system-out/>
</testsuite> <!-- cucumber.TestNGTestRunner -->
