<?xml version="1.0" encoding="UTF-8"?>
<!-- Generated by org.testng.reporters.JUnitReportReporter -->
<testsuite hostname="LAPTOP-6OU7JCID" failures="0" tests="2" name="SeleniumFramework.ErrorValidationTest" time="17.361" errors="0" timestamp="06 Mar 2023 21:09:27 GMT" skipped="0">
  <testcase classname="SeleniumFramework.ErrorValidationTest" name="VerifyLoginError" time="8.159"/>
  <testcase classname="SeleniumFramework.ErrorValidationTest" name="ProductError" time="9.202"/>
</testsuite> <!-- SeleniumFramework.ErrorValidationTest -->
