<?xml version="1.0" encoding="UTF-8"?>
<!-- Generated by org.testng.reporters.JUnitReportReporter -->
<testsuite hostname="LAPTOP-6OU7JCID" failures="0" tests="2" name="SeleniumFramework.ErrorValidationTest" time="14.098" errors="0" timestamp="2023-03-07T22:25:33 GMT" skipped="0">
  <testcase classname="SeleniumFramework.ErrorValidationTest" name="VerifyLoginError" time="6.687"/>
  <system-out/>
  <testcase classname="SeleniumFramework.ErrorValidationTest" name="ProductError" time="7.411"/>
  <system-out/>
</testsuite> <!-- SeleniumFramework.ErrorValidationTest -->
