<?xml version="1.0" encoding="UTF-8"?>
<!-- Generated by org.testng.reporters.JUnitReportReporter -->
<testsuite hostname="LAPTOP-6OU7JCID" failures="0" tests="2" name="cucumber.TestNGTestRunner" time="18.451" errors="0" timestamp="2023-03-07T21:50:09 GMT" skipped="0">
  <testcase classname="cucumber.TestNGTestRunner" name="runScenario" time="10.031"/>
  <system-out/>
  <testcase classname="cucumber.TestNGTestRunner" name="runScenario" time="8.420"/>
  <system-out/>
</testsuite> <!-- cucumber.TestNGTestRunner -->
